Content-type: text/html; charset=UTF-8

Failed Jobs Summary:
--------------------------------------------------
  activecampaign: 5 jobs
  zerobounce: 5 jobs
--------------------------------------------------
Total: 10 jobs

Content-type: text/html; charset=UTF-8

Failed Jobs Summary:
--------------------------------------------------
  activecampaign: 6 jobs
  zerobounce: 6 jobs
--------------------------------------------------
Total: 12 jobs

Content-type: text/html; charset=UTF-8

Failed Jobs Summary:
--------------------------------------------------
  activecampaign: 6 jobs
  zerobounce: 6 jobs
--------------------------------------------------
Total: 12 jobs

Content-type: text/html; charset=UTF-8

Failed Jobs Summary:
--------------------------------------------------
  activecampaign: 5 jobs
  zerobounce: 5 jobs
--------------------------------------------------
Total: 10 jobs

Content-type: text/html; charset=UTF-8

Failed Jobs Summary:
--------------------------------------------------
  zerobounce: 1 jobs
  activecampaign: 1 jobs
--------------------------------------------------
Total: 2 jobs

Content-type: text/html; charset=UTF-8

Content-type: text/html; charset=UTF-8

Content-type: text/html; charset=UTF-8

Content-type: text/html; charset=UTF-8

Content-type: text/html; charset=UTF-8

Content-type: text/html; charset=UTF-8

Content-type: text/html; charset=UTF-8

Content-type: text/html; charset=UTF-8

Content-type: text/html; charset=UTF-8

Content-type: text/html; charset=UTF-8

Content-type: text/html; charset=UTF-8

Content-type: text/html; charset=UTF-8

Content-type: text/html; charset=UTF-8

Content-type: text/html; charset=UTF-8

Content-type: text/html; charset=UTF-8

Content-type: text/html; charset=UTF-8

Content-type: text/html; charset=UTF-8

Content-type: text/html; charset=UTF-8

Content-type: text/html; charset=UTF-8

Content-type: text/html; charset=UTF-8

Content-type: text/html; charset=UTF-8

Content-type: text/html; charset=UTF-8

Content-type: text/html; charset=UTF-8

Content-type: text/html; charset=UTF-8

Content-type: text/html; charset=UTF-8

Content-type: text/html; charset=UTF-8

Content-type: text/html; charset=UTF-8

Content-type: text/html; charset=UTF-8

Content-type: text/html; charset=UTF-8

Content-type: text/html; charset=UTF-8

Content-type: text/html; charset=UTF-8

Content-type: text/html; charset=UTF-8

Content-type: text/html; charset=UTF-8

Content-type: text/html; charset=UTF-8

Content-type: text/html; charset=UTF-8

Content-type: text/html; charset=UTF-8

Content-type: text/html; charset=UTF-8

Content-type: text/html; charset=UTF-8

Content-type: text/html; charset=UTF-8

Content-type: text/html; charset=UTF-8

Content-type: text/html; charset=UTF-8

Content-type: text/html; charset=UTF-8

Content-type: text/html; charset=UTF-8

Content-type: text/html; charset=UTF-8

Content-type: text/html; charset=UTF-8

Content-type: text/html; charset=UTF-8

Content-type: text/html; charset=UTF-8

Content-type: text/html; charset=UTF-8

Content-type: text/html; charset=UTF-8

Content-type: text/html; charset=UTF-8

Content-type: text/html; charset=UTF-8

Content-type: text/html; charset=UTF-8

